Flutter crash report.
Please report a bug at https://github.com/flutter/flutter/issues.

## command

flutter pub get

## exception

FileSystemException: FileSystemException: writeFrom failed, path = '/Users/siphosetumzayiya/Desktop/flutter_Projects/first_flutter_project/.dart_tool/version' (OS Error: Operation timed out, errno = 60)

```
#0      _RandomAccessFile.writeFromSync (dart:io/file_impl.dart:905:7)
#1      _File.writeAsBytesSync (dart:io/file_impl.dart:646:14)
#2      _File.writeAsStringSync (dart:io/file_impl.dart:668:5)
#3      ForwardingFile.writeAsStringSync (package:file/src/forwarding/forwarding_file.dart:150:16)
#4      ErrorHandlingFile.writeAsStringSync.<anonymous closure> (package:flutter_tools/src/base/error_handling_io.dart:279:22)
#5      _runSync (package:flutter_tools/src/base/error_handling_io.dart:600:14)
#6      ErrorHandlingFile.writeAsStringSync (package:flutter_tools/src/base/error_handling_io.dart:278:5)
#7      _DefaultPub._updateVersionAndPackageConfig (package:flutter_tools/src/dart/pub.dart:660:17)
#8      _DefaultPub.interactively (package:flutter_tools/src/dart/pub.dart:538:13)
<asynchronous suspension>
#9      PackagesGetCommand.runCommand (package:flutter_tools/src/commands/packages.dart:346:7)
<asynchronous suspension>
#10     FlutterCommand.run.<anonymous closure> (package:flutter_tools/src/runner/flutter_command.dart:1408:27)
<asynchronous suspension>
#11     AppContext.run.<anonymous closure> (package:flutter_tools/src/base/context.dart:153:19)
<asynchronous suspension>
#12     CommandRunner.runCommand (package:args/command_runner.dart:212:13)
<asynchronous suspension>
#13     FlutterCommandRunner.runCommand.<anonymous closure> (package:flutter_tools/src/runner/flutter_command_runner.dart:420:9)
<asynchronous suspension>
#14     AppContext.run.<anonymous closure> (package:flutter_tools/src/base/context.dart:153:19)
<asynchronous suspension>
#15     FlutterCommandRunner.runCommand (package:flutter_tools/src/runner/flutter_command_runner.dart:364:5)
<asynchronous suspension>
#16     run.<anonymous closure>.<anonymous closure> (package:flutter_tools/runner.dart:130:9)
<asynchronous suspension>
#17     AppContext.run.<anonymous closure> (package:flutter_tools/src/base/context.dart:153:19)
<asynchronous suspension>
#18     main (package:flutter_tools/executable.dart:93:3)
<asynchronous suspension>
```

## flutter doctor

```
[✓] Flutter (Channel stable, 3.24.4, on macOS 15.0.1 24A348 darwin-arm64, locale en-ZA)
    • Flutter version 3.24.4 on channel stable at /Users/siphosetumzayiya/Downloads/flutter
    • Upstream repository https://github.com/flutter/flutter.git
    • Framework revision 603104015d (6 days ago), 2024-10-24 08:01:25 -0700
    • Engine revision db49896cf2
    • Dart version 3.5.4
    • DevTools version 2.37.3

[✓] Android toolchain - develop for Android devices (Android SDK version 35.0.0)
    • Android SDK at /Users/siphosetumzayiya/Library/Android/sdk
    • Platform android-35, build-tools 35.0.0
    • Java binary at: /Applications/Android Studio.app/Contents/jbr/Contents/Home/bin/java
    • Java version OpenJDK Runtime Environment (build 21.0.3+-79915917-b509.11)
    • All Android licenses accepted.

[✓] Xcode - develop for iOS and macOS (Xcode 16.1)
    • Xcode at /Applications/Xcode.app/Contents/Developer
    • Build 16B40
    • CocoaPods version 1.15.2

[✓] Chrome - develop for the web
    • Chrome at /Applications/Google Chrome.app/Contents/MacOS/Google Chrome

[✓] Android Studio (version 2024.2)
    • Android Studio at /Applications/Android Studio.app/Contents
    • Flutter plugin can be installed from:
      🔨 https://plugins.jetbrains.com/plugin/9212-flutter
    • Dart plugin can be installed from:
      🔨 https://plugins.jetbrains.com/plugin/6351-dart
    • Java version OpenJDK Runtime Environment (build 21.0.3+-79915917-b509.11)

[✓] VS Code (version 1.72.1)
    • VS Code at /Users/siphosetumzayiya/Downloads/Visual Studio Code.app/Contents
    • Flutter extension version 3.60.0

[✓] Connected device (4 available)
    • Android SDK built for arm64 (mobile) • emulator-5554         • android-arm64  • Android 8.1.0 (API 27) (emulator)
    • macOS (desktop)                      • macos                 • darwin-arm64   • macOS 15.0.1 24A348 darwin-arm64
    • Mac Designed for iPad (desktop)      • mac-designed-for-ipad • darwin         • macOS 15.0.1 24A348 darwin-arm64
    • Chrome (web)                         • chrome                • web-javascript • Google Chrome 130.0.6723.70

[!] Network resources
    ✗ A network error occurred while checking "https://pub.dev/": Failed host lookup: 'pub.dev'
    ✗ A network error occurred while checking "https://storage.googleapis.com/": Failed host lookup: 'storage.googleapis.com'
    ✗ A network error occurred while checking "https://maven.google.com/": Failed host lookup: 'maven.google.com'
    ✗ A network error occurred while checking "https://cocoapods.org/": Failed host lookup: 'cocoapods.org'
    ✗ A network error occurred while checking "https://github.com/": Failed host lookup: 'github.com'

! Doctor found issues in 1 category.
```
